<?xml version="1.0" encoding="UTF-8"?>
<testsuite xmlns:xsi="http://www.w3.org/2001/XMLSchema-instance" xsi:noNamespaceSchemaLocation="https://maven.apache.org/surefire/maven-surefire-plugin/xsd/surefire-test-report-3.0.xsd" version="3.0" name="ucu.edu.aed.tda.grafo.implementacion.DirectedIGraphTest" time="0.283" tests="17" errors="0" skipped="0" failures="0">
  <properties>
[...]
</properties>
  <testcase name="testAdyacencias_sinSalidas" classname="ucu.edu.aed.tda.grafo.implementacion.DirectedIGraphTest" time="0.021"/>
  <testcase name="testRemoverVertice_eliminaAristasRelacionadas" classname="ucu.edu.aed.tda.grafo.implementacion.DirectedIGraphTest" time="0.002"/>
  <testcase name="testExisteArista_noExiste" classname="ucu.edu.aed.tda.grafo.implementacion.DirectedIGraphTest" time="0.002"/>
  <testcase name="testAgregarVertice_nuevo" classname="ucu.edu.aed.tda.grafo.implementacion.DirectedIGraphTest" time="0.001"/>
  <testcase name="testAristas" classname="ucu.edu.aed.tda.grafo.implementacion.DirectedIGraphTest" time="0.001"/>
  <testcase name="testAgregarVertice_duplicado" classname="ucu.edu.aed.tda.grafo.implementacion.DirectedIGraphTest" time="0.001"/>
  <testcase name="testObtenerArista_noExiste" classname="ucu.edu.aed.tda.grafo.implementacion.DirectedIGraphTest" time="0.003"/>
  <testcase name="testExisteArista_existe" classname="ucu.edu.aed.tda.grafo.implementacion.DirectedIGraphTest" time="0.004"/>
  <testcase name="testBuscarVertice_existe" classname="ucu.edu.aed.tda.grafo.implementacion.DirectedIGraphTest" time="0.004"/>
  <testcase name="testAdyacencias" classname="ucu.edu.aed.tda.grafo.implementacion.DirectedIGraphTest" time="0.002"/>
  <testcase name="testAgregarArista_duplicada" classname="ucu.edu.aed.tda.grafo.implementacion.DirectedIGraphTest" time="0.001"/>
  <testcase name="testAgregarArista_nueva" classname="ucu.edu.aed.tda.grafo.implementacion.DirectedIGraphTest" time="0.001"/>
  <testcase name="testEliminarArista_existente" classname="ucu.edu.aed.tda.grafo.implementacion.DirectedIGraphTest" time="0.004"/>
  <testcase name="testBuscarVertice_noExiste" classname="ucu.edu.aed.tda.grafo.implementacion.DirectedIGraphTest" time="0.003"/>
  <testcase name="testPredecessors" classname="ucu.edu.aed.tda.grafo.implementacion.DirectedIGraphTest" time="0.002"/>
  <testcase name="testVaciar" classname="ucu.edu.aed.tda.grafo.implementacion.DirectedIGraphTest" time="0.001"/>
  <testcase name="testEliminarArista_noExiste" classname="ucu.edu.aed.tda.grafo.implementacion.DirectedIGraphTest" time="0.003"/>
</testsuite>